	*****************************************************************
	*****************************************************************
	BAM. Launched at Apr  2 2024	 at 12:21:48
	*****************************************************************
	*****************************************************************
	*****************************************************************
	*****************************************************************
	BAM. Launched at Apr  2 2024	 at 12:21:48
	*****************************************************************
	*****************************************************************
	*****************************************************************
	*****************************************************************
	BiasMT. Launched at Apr 25 2024	 at 13:43:06
	BiasMT. Realization 0	 p-index (Unitsim) 0
	*****************************************************************
	*****************************************************************
	*****************************************************************
	*****************************************************************
	BiasMT. Launched at Apr 25 2024	 at 13:43:06
	BiasMT. Realization 0	 p-index (Unitsim) 0
	*****************************************************************
	*****************************************************************
	*****************************************************************
	*****************************************************************
	BiasMT. Launched at May 10 2024	 at 08:53:17
	BiasMT. Realization 0	 p-index (Unitsim) 0
	*****************************************************************
	*****************************************************************
	*****************************************************************
	*****************************************************************
	BiasMT. Launched at May 10 2024	 at 08:53:17
	BiasMT. Realization 0	 p-index (Unitsim) 0
	*****************************************************************
	*****************************************************************
	*****************************************************************
	*****************************************************************
	BiasMT. Launched at May 10 2024	 at 08:53:17
	BiasMT. Realization 0	 p-index (Unitsim) 0
	*****************************************************************
	*****************************************************************
	*****************************************************************
	*****************************************************************
	BiasMT. Launched at May 23 2024	 at 13:49:02
	*****************************************************************
	*****************************************************************
	*****************************************************************
	*****************************************************************
	BiasMT. Launched at May 23 2024	 at 13:49:02
	*****************************************************************
	*****************************************************************
	*****************************************************************
	*****************************************************************
	BiasMT. Launched at May 23 2024	 at 14:47:47
	BiasMT. Realization 0	 p-index (Unitsim) 0
	*****************************************************************
	*****************************************************************
	*****************************************************************
	*****************************************************************
	BiasMT. Launched at May 23 2024	 at 14:47:47
	BiasMT. Realization 0	 p-index (Unitsim) 0
	*****************************************************************
	*****************************************************************
	*****************************************************************
	*****************************************************************
	BiasMT. Launched at May 26 2024	 at 14:08:01
	BiasMT. Realization 0	 p-index (Unitsim) 0
	*****************************************************************
	*****************************************************************
	*****************************************************************
	*****************************************************************
	BiasMT. Launched at May 27 2024	 at 13:36:45
	*****************************************************************
	*****************************************************************
	*****************************************************************
	*****************************************************************
	BiasMT. Launched at May 27 2024	 at 13:36:45
	*****************************************************************
	*****************************************************************
	*****************************************************************
	*****************************************************************
	BiasMT. Launched at May 27 2024	 at 13:36:45
	*****************************************************************
	*****************************************************************
	*****************************************************************
	*****************************************************************
	BiasMT. Launched at May 27 2024	 at 13:36:45
	*****************************************************************
	*****************************************************************
	*****************************************************************
	*****************************************************************
	BiasMT. Launched at May 27 2024	 at 13:36:45
	*****************************************************************
	*****************************************************************
	*****************************************************************
	*****************************************************************
	BiasMT. Launched at May 27 2024	 at 13:36:45
	*****************************************************************
	*****************************************************************
	*****************************************************************
	*****************************************************************
	BiasMT. Launched at May 27 2024	 at 13:36:45
	*****************************************************************
	*****************************************************************
	*****************************************************************
	*****************************************************************
	BiasMT. Launched at May 27 2024	 at 13:36:45
	*****************************************************************
	*****************************************************************
	*****************************************************************
	*****************************************************************
	BiasMT. Launched at May 27 2024	 at 13:36:45
	*****************************************************************
	*****************************************************************
	*****************************************************************
	*****************************************************************
	BiasMT. Launched at May 27 2024	 at 13:36:45
	*****************************************************************
	*****************************************************************
	*****************************************************************
	*****************************************************************
	BiasMT. Launched at May 27 2024	 at 13:36:45
	*****************************************************************
	*****************************************************************
	*****************************************************************
	*****************************************************************
	BiasMT. Launched at May 27 2024	 at 13:36:45
	*****************************************************************
	*****************************************************************
	*****************************************************************
	*****************************************************************
	BiasMT. Launched at May 27 2024	 at 13:36:45
	*****************************************************************
	*****************************************************************
	*****************************************************************
	*****************************************************************
	BiasMT. Launched at May 27 2024	 at 13:36:45
	*****************************************************************
	*****************************************************************
	*****************************************************************
	*****************************************************************
	BiasMT. Launched at May 27 2024	 at 13:36:45
	*****************************************************************
	*****************************************************************
	*****************************************************************
	*****************************************************************
	BiasMT. Launched at May 27 2024	 at 13:36:45
	*****************************************************************
	*****************************************************************
	*****************************************************************
	*****************************************************************
	BiasMT. Launched at May 27 2024	 at 13:36:45
	*****************************************************************
	*****************************************************************
	*****************************************************************
	*****************************************************************
	BiasMT. Launched at May 27 2024	 at 13:36:45
	*****************************************************************
	*****************************************************************
	*****************************************************************
	*****************************************************************
	BiasMT. Launched at May 27 2024	 at 13:36:45
	*****************************************************************
	*****************************************************************
	*****************************************************************
	*****************************************************************
	BiasMT. Launched at May 27 2024	 at 13:36:45
	*****************************************************************
	*****************************************************************
	*****************************************************************
	*****************************************************************
	BiasMT. Launched at May 27 2024	 at 13:36:45
	*****************************************************************
	*****************************************************************
	*****************************************************************
	*****************************************************************
	BiasMT. Launched at May 27 2024	 at 13:36:45
	*****************************************************************
	*****************************************************************
	*****************************************************************
	*****************************************************************
	BiasMT. Launched at May 27 2024	 at 13:36:45
	*****************************************************************
	*****************************************************************
	*****************************************************************
	*****************************************************************
	BiasMT. Launched at May 27 2024	 at 13:36:45
	*****************************************************************
	*****************************************************************
	*****************************************************************
	*****************************************************************
	BiasMT. Launched at May 27 2024	 at 13:36:45
	*****************************************************************
	*****************************************************************
	*****************************************************************
	*****************************************************************
	BiasMT. Launched at May 27 2024	 at 13:36:45
	*****************************************************************
	*****************************************************************
	*****************************************************************
	*****************************************************************
	BiasMT. Launched at May 27 2024	 at 13:36:45
	*****************************************************************
	*****************************************************************
	*****************************************************************
	*****************************************************************
	BiasMT. Launched at May 27 2024	 at 13:36:45
	*****************************************************************
	*****************************************************************
	*****************************************************************
	*****************************************************************
	BiasMT. Launched at May 27 2024	 at 13:36:45
	*****************************************************************
	*****************************************************************
	*****************************************************************
	*****************************************************************
	BiasMT. Launched at May 29 2024	 at 11:36:33
	BiasMT. Realization 0	 p-index (Unitsim) 0
	*****************************************************************
	*****************************************************************
	*****************************************************************
	*****************************************************************
	BiasMT. Launched at May 29 2024	 at 11:36:33
	BiasMT. Realization 0	 p-index (Unitsim) 0
	*****************************************************************
	*****************************************************************
	*****************************************************************
	*****************************************************************
	BiasMT. Launched at May 29 2024	 at 11:36:33
	BiasMT. Realization 0	 p-index (Unitsim) 0
	*****************************************************************
	*****************************************************************
	*****************************************************************
	*****************************************************************
	BiasMT. Launched at May 29 2024	 at 11:36:33
	BiasMT. Realization 0	 p-index (Unitsim) 0
	*****************************************************************
	*****************************************************************
	*****************************************************************
	*****************************************************************
	BiasMT. Launched at May 29 2024	 at 11:36:33
	BiasMT. Realization 0	 p-index (Unitsim) 0
	*****************************************************************
	*****************************************************************
	*****************************************************************
	*****************************************************************
	BiasMT. Launched at May 29 2024	 at 11:36:33
	BiasMT. Realization 0	 p-index (Unitsim) 0
	*****************************************************************
	*****************************************************************
	*****************************************************************
	*****************************************************************
	BiasMT. Launched at May 29 2024	 at 22:16:33
	BiasMT. Realization 0	 p-index (Unitsim) 0
	*****************************************************************
	*****************************************************************
	*****************************************************************
	*****************************************************************
	BiasMT. Launched at May 29 2024	 at 22:16:33
	BiasMT. Realization 0	 p-index (Unitsim) 0
	*****************************************************************
	*****************************************************************
	*****************************************************************
	*****************************************************************
	BiasMT. Launched at Jun  3 2024	 at 13:16:02
	*****************************************************************
	*****************************************************************
	*****************************************************************
	*****************************************************************
	BiasMT. Launched at Jun  3 2024	 at 13:16:02
	*****************************************************************
	*****************************************************************
	*****************************************************************
	*****************************************************************
	BiasMT. Launched at Jun  3 2024	 at 13:24:45
	*****************************************************************
	*****************************************************************
	*****************************************************************
	*****************************************************************
	BiasMT. Launched at Jun  3 2024	 at 13:24:45
	*****************************************************************
	*****************************************************************
	*****************************************************************
	*****************************************************************
	BiasMT. Launched at Jun  3 2024	 at 13:24:45
	*****************************************************************
	*****************************************************************
	*****************************************************************
	*****************************************************************
	BiasMT. Launched at Jun  3 2024	 at 13:24:45
	*****************************************************************
	*****************************************************************
	*****************************************************************
	*****************************************************************
	BiasMT. Launched at Jun  3 2024	 at 13:24:45
	*****************************************************************
	*****************************************************************
	*****************************************************************
	*****************************************************************
	BiasMT. Launched at Jun  3 2024	 at 13:24:45
	*****************************************************************
	*****************************************************************
	*****************************************************************
	*****************************************************************
	BiasMT. Launched at Jun  3 2024	 at 13:24:45
	*****************************************************************
	*****************************************************************
	*****************************************************************
	*****************************************************************
	BiasMT. Launched at Jun  3 2024	 at 13:24:45
	*****************************************************************
	*****************************************************************
	*****************************************************************
	*****************************************************************
	BiasMT. Launched at Jun  3 2024	 at 13:24:45
	*****************************************************************
	*****************************************************************
	*****************************************************************
	*****************************************************************
	BiasMT. Launched at Jun  3 2024	 at 13:24:45
	*****************************************************************
	*****************************************************************
	*****************************************************************
	*****************************************************************
	BiasMT. Launched at Jun  3 2024	 at 13:24:45
	*****************************************************************
	*****************************************************************
	*****************************************************************
	*****************************************************************
	BiasMT. Launched at Jun  3 2024	 at 13:24:45
	*****************************************************************
	*****************************************************************
	*****************************************************************
	*****************************************************************
	BiasMT. Launched at Jun  3 2024	 at 13:24:45
	*****************************************************************
	*****************************************************************
	*****************************************************************
	*****************************************************************
	BiasMT. Launched at Jun  3 2024	 at 13:24:45
	*****************************************************************
	*****************************************************************
	*****************************************************************
	*****************************************************************
	BiasMT. Launched at Jun  3 2024	 at 13:24:45
	*****************************************************************
	*****************************************************************
	*****************************************************************
	*****************************************************************
	BiasMT. Launched at Jun  3 2024	 at 13:24:45
	*****************************************************************
	*****************************************************************
	*****************************************************************
	*****************************************************************
	BiasMT. Launched at Jun  3 2024	 at 13:24:45
	*****************************************************************
	*****************************************************************
	*****************************************************************
	*****************************************************************
	BiasMT. Launched at Jun  3 2024	 at 13:24:45
	*****************************************************************
	*****************************************************************
	*****************************************************************
	*****************************************************************
	BiasMT. Launched at Jun  3 2024	 at 13:24:45
	*****************************************************************
	*****************************************************************
	*****************************************************************
	*****************************************************************
	BiasMT. Launched at Jun  3 2024	 at 13:24:45
	*****************************************************************
	*****************************************************************
	*****************************************************************
	*****************************************************************
	BiasMT. Launched at Jun  3 2024	 at 13:24:45
	*****************************************************************
	*****************************************************************
	*****************************************************************
	*****************************************************************
	BiasMT. Launched at Jun  3 2024	 at 13:24:45
	*****************************************************************
	*****************************************************************
	*****************************************************************
	*****************************************************************
	BiasMT. Launched at Jun  3 2024	 at 13:24:45
	*****************************************************************
	*****************************************************************
	*****************************************************************
	*****************************************************************
	BiasMT. Launched at Jun  3 2024	 at 13:24:45
	*****************************************************************
	*****************************************************************
	*****************************************************************
	*****************************************************************
	BiasMT. Launched at Jun  3 2024	 at 13:24:45
	*****************************************************************
	*****************************************************************
	*****************************************************************
	*****************************************************************
	BiasMT. Launched at Jun  3 2024	 at 13:24:45
	*****************************************************************
	*****************************************************************
	*****************************************************************
	*****************************************************************
	BiasMT. Launched at Jun  4 2024	 at 11:30:09
	*****************************************************************
	*****************************************************************
	*****************************************************************
	*****************************************************************
	BiasMT. Launched at Jun  4 2024	 at 11:30:09
	*****************************************************************
	*****************************************************************
	*****************************************************************
	*****************************************************************
	BiasMT. Launched at Jun  4 2024	 at 11:30:09
	*****************************************************************
	*****************************************************************
	*****************************************************************
	*****************************************************************
	BiasMT. Launched at Jun  4 2024	 at 11:30:09
	*****************************************************************
	*****************************************************************
	*****************************************************************
	*****************************************************************
	BiasMT. Launched at Jun  4 2024	 at 11:30:09
	*****************************************************************
	*****************************************************************
	*****************************************************************
	*****************************************************************
	BiasMT. Launched at Jun  4 2024	 at 11:30:09
	*****************************************************************
	*****************************************************************
	*****************************************************************
	*****************************************************************
	BiasMT. Launched at Jun  4 2024	 at 11:30:09
	*****************************************************************
	*****************************************************************
	*****************************************************************
	*****************************************************************
	BiasMT. Launched at Jun  4 2024	 at 11:30:09
	*****************************************************************
	*****************************************************************
	*****************************************************************
	*****************************************************************
	BiasMT. Launched at Jun  4 2024	 at 11:30:09
	*****************************************************************
	*****************************************************************
	*****************************************************************
	*****************************************************************
	BiasMT. Launched at Jun  4 2024	 at 12:10:55
	*****************************************************************
	*****************************************************************
	*****************************************************************
	*****************************************************************
	BiasMT. Launched at Jun  4 2024	 at 12:10:55
	*****************************************************************
	*****************************************************************
	*****************************************************************
	*****************************************************************
	BiasMT. Launched at Jun  4 2024	 at 12:10:55
	*****************************************************************
	*****************************************************************
	*****************************************************************
	*****************************************************************
	BiasMT. Launched at Jun  4 2024	 at 12:10:55
	*****************************************************************
	*****************************************************************
	*****************************************************************
	*****************************************************************
	BiasMT. Launched at Jun  4 2024	 at 12:10:55
	*****************************************************************
	*****************************************************************
	*****************************************************************
	*****************************************************************
	BiasMT. Launched at Jun  4 2024	 at 12:10:55
	*****************************************************************
	*****************************************************************
	*****************************************************************
	*****************************************************************
	BiasMT. Launched at Jun  4 2024	 at 12:10:55
	*****************************************************************
	*****************************************************************
	*****************************************************************
	*****************************************************************
	BiasMT. Launched at Jun  4 2024	 at 12:10:55
	*****************************************************************
	*****************************************************************
	*****************************************************************
	*****************************************************************
	BiasMT. Launched at Jun  4 2024	 at 12:10:55
	*****************************************************************
	*****************************************************************
	*****************************************************************
	*****************************************************************
	BiasMT. Launched at Jun  4 2024	 at 12:10:55
	*****************************************************************
	*****************************************************************
	*****************************************************************
	*****************************************************************
	BiasMT. Launched at Jun  4 2024	 at 12:10:55
	*****************************************************************
	*****************************************************************
	*****************************************************************
	*****************************************************************
	BiasMT. Launched at Jun  4 2024	 at 12:10:55
	*****************************************************************
	*****************************************************************
	*****************************************************************
	*****************************************************************
	BiasMT. Launched at Jun  4 2024	 at 12:10:55
	*****************************************************************
	*****************************************************************
	*****************************************************************
	*****************************************************************
	BiasMT. Launched at Jun  4 2024	 at 12:10:55
	*****************************************************************
	*****************************************************************
	*****************************************************************
	*****************************************************************
	BiasMT. Launched at Jun  4 2024	 at 12:10:55
	*****************************************************************
	*****************************************************************
	*****************************************************************
	*****************************************************************
	BiasMT. Launched at Jun  4 2024	 at 12:10:55
	*****************************************************************
	*****************************************************************
	*****************************************************************
	*****************************************************************
	BiasMT. Launched at Jun  4 2024	 at 12:10:55
	*****************************************************************
	*****************************************************************
	*****************************************************************
	*****************************************************************
	BiasMT. Launched at Jun  4 2024	 at 12:10:55
	*****************************************************************
	*****************************************************************
	*****************************************************************
	*****************************************************************
	BiasMT. Launched at Jun  4 2024	 at 12:10:55
	*****************************************************************
	*****************************************************************
	*****************************************************************
	*****************************************************************
	BiasMT. Launched at Jun  4 2024	 at 12:10:55
	*****************************************************************
	*****************************************************************
	*****************************************************************
	*****************************************************************
	BiasMT. Launched at Jun  4 2024	 at 12:10:55
	*****************************************************************
	*****************************************************************
	*****************************************************************
	*****************************************************************
	BiasMT. Launched at Jun  4 2024	 at 12:10:55
	*****************************************************************
	*****************************************************************
	*****************************************************************
	*****************************************************************
	BiasMT. Launched at Jun  4 2024	 at 12:10:55
	*****************************************************************
	*****************************************************************
	*****************************************************************
	*****************************************************************
	BiasMT. Launched at Jun  4 2024	 at 12:10:55
	*****************************************************************
	*****************************************************************
	*****************************************************************
	*****************************************************************
	BiasMT. Launched at Jun  4 2024	 at 12:10:55
	*****************************************************************
	*****************************************************************
	*****************************************************************
	*****************************************************************
	BiasMT. Launched at Jun  4 2024	 at 12:10:55
	*****************************************************************
	*****************************************************************
	*****************************************************************
	*****************************************************************
	BiasMT. Launched at Jun  4 2024	 at 12:10:55
	*****************************************************************
	*****************************************************************
	*****************************************************************
	*****************************************************************
	BiasMT. Launched at Jun  4 2024	 at 12:10:55
	*****************************************************************
	*****************************************************************
	*****************************************************************
	*****************************************************************
	BiasMT. Launched at Jun  4 2024	 at 15:25:04
	*****************************************************************
	*****************************************************************
	*****************************************************************
	*****************************************************************
	BiasMT. Launched at Jun  4 2024	 at 15:25:04
	*****************************************************************
	*****************************************************************
	*****************************************************************
	*****************************************************************
	BiasMT. Launched at Jun  4 2024	 at 15:25:04
	*****************************************************************
	*****************************************************************
	*****************************************************************
	*****************************************************************
	BiasMT. Launched at Jun  4 2024	 at 15:25:04
	*****************************************************************
	*****************************************************************
	*****************************************************************
	*****************************************************************
	BiasMT. Launched at Jun  4 2024	 at 15:25:04
	*****************************************************************
	*****************************************************************
	*****************************************************************
	*****************************************************************
	BiasMT. Launched at Jun  4 2024	 at 15:39:02
	*****************************************************************
	*****************************************************************
	*****************************************************************
	*****************************************************************
	BiasMT. Launched at Jun  4 2024	 at 15:39:02
	*****************************************************************
	*****************************************************************
	*****************************************************************
	*****************************************************************
	BiasMT. Launched at Jun  4 2024	 at 15:42:21
	*****************************************************************
	*****************************************************************
	*****************************************************************
	*****************************************************************
	BiasMT. Launched at Jun  4 2024	 at 15:46:04
	*****************************************************************
	*****************************************************************
	*****************************************************************
	*****************************************************************
	BiasMT. Launched at Jun  4 2024	 at 15:46:04
	*****************************************************************
	*****************************************************************
	*****************************************************************
	*****************************************************************
	BiasMT. Launched at Jun  4 2024	 at 18:11:03
	*****************************************************************
	*****************************************************************
	*****************************************************************
	*****************************************************************
	BiasMT. Launched at Jun  4 2024	 at 18:11:03
	*****************************************************************
	*****************************************************************
	*****************************************************************
	*****************************************************************
	BiasMT. Launched at Jun  4 2024	 at 18:11:03
	*****************************************************************
	*****************************************************************
	*****************************************************************
	*****************************************************************
	BiasMT. Launched at Jun  4 2024	 at 18:11:03
	*****************************************************************
	*****************************************************************
	*****************************************************************
	*****************************************************************
	BiasMT. Launched at Jun  4 2024	 at 18:11:03
	*****************************************************************
	*****************************************************************
	*****************************************************************
	*****************************************************************
	BiasMT. Launched at Jun  4 2024	 at 18:11:03
	*****************************************************************
	*****************************************************************
	*****************************************************************
	*****************************************************************
	BiasMT. Launched at Jun  4 2024	 at 21:44:55
	*****************************************************************
	*****************************************************************
	*****************************************************************
	*****************************************************************
	BiasMT. Launched at Jun  4 2024	 at 21:44:55
	*****************************************************************
	*****************************************************************
	*****************************************************************
	*****************************************************************
	BiasMT. Launched at Jun  4 2024	 at 21:44:55
	*****************************************************************
	*****************************************************************
	*****************************************************************
	*****************************************************************
	BiasMT. Launched at Jun  4 2024	 at 21:44:55
	*****************************************************************
	*****************************************************************
	*****************************************************************
	*****************************************************************
	BiasMT. Launched at Jun  4 2024	 at 21:44:55
	*****************************************************************
	*****************************************************************
	*****************************************************************
	*****************************************************************
	BiasMT. Launched at Jun  4 2024	 at 21:44:55
	*****************************************************************
	*****************************************************************
	*****************************************************************
	*****************************************************************
	BiasMT. Launched at Jun  4 2024	 at 21:44:55
	*****************************************************************
	*****************************************************************
	*****************************************************************
	*****************************************************************
	BiasMT. Launched at Jun  4 2024	 at 21:44:55
	*****************************************************************
	*****************************************************************
	*****************************************************************
	*****************************************************************
	BiasMT. Launched at Jun  4 2024	 at 21:44:55
	*****************************************************************
	*****************************************************************
	*****************************************************************
	*****************************************************************
	BiasMT. Launched at Jun  4 2024	 at 21:44:55
	*****************************************************************
	*****************************************************************
	*****************************************************************
	*****************************************************************
	BiasMT. Launched at Jun  4 2024	 at 21:44:55
	*****************************************************************
	*****************************************************************
	*****************************************************************
	*****************************************************************
	BiasMT. Launched at Jun  4 2024	 at 21:44:55
	*****************************************************************
	*****************************************************************
	*****************************************************************
	*****************************************************************
	BiasMT. Launched at Jun  4 2024	 at 21:44:55
	*****************************************************************
	*****************************************************************
	*****************************************************************
	*****************************************************************
	BiasMT. Launched at Jun  4 2024	 at 21:44:55
	*****************************************************************
	*****************************************************************
	*****************************************************************
	*****************************************************************
	BiasMT. Launched at Jun  4 2024	 at 21:44:55
	*****************************************************************
	*****************************************************************
	*****************************************************************
	*****************************************************************
	BiasMT. Launched at Jun  4 2024	 at 21:44:55
	*****************************************************************
	*****************************************************************
	*****************************************************************
	*****************************************************************
	BiasMT. Launched at Jun  4 2024	 at 21:44:55
	*****************************************************************
	*****************************************************************
	*****************************************************************
	*****************************************************************
	BiasMT. Launched at Jun  4 2024	 at 21:44:55
	*****************************************************************
	*****************************************************************
	*****************************************************************
	*****************************************************************
	BiasMT. Launched at Jun  4 2024	 at 21:44:55
	*****************************************************************
	*****************************************************************
	*****************************************************************
	*****************************************************************
	BiasMT. Launched at Jun  4 2024	 at 21:44:55
	*****************************************************************
	*****************************************************************
	*****************************************************************
	*****************************************************************
	BiasMT. Launched at Jun  4 2024	 at 21:44:55
	*****************************************************************
	*****************************************************************
	*****************************************************************
	*****************************************************************
	BiasMT. Launched at Jun  5 2024	 at 16:11:55
	*****************************************************************
	*****************************************************************
	*****************************************************************
	*****************************************************************
	BiasMT. Launched at Jun  6 2024	 at 10:49:00
	*****************************************************************
	*****************************************************************
	*****************************************************************
	*****************************************************************
	BiasMT. Launched at Jun  6 2024	 at 10:49:00
	*****************************************************************
	*****************************************************************
	*****************************************************************
	*****************************************************************
	BiasMT. Launched at Jun  6 2024	 at 10:49:00
	*****************************************************************
	*****************************************************************
	*****************************************************************
	*****************************************************************
	BiasMT. Launched at Jun  6 2024	 at 10:49:00
	*****************************************************************
	*****************************************************************
	*****************************************************************
	*****************************************************************
	BiasMT. Launched at Jun  6 2024	 at 10:49:00
	*****************************************************************
	*****************************************************************
	*****************************************************************
	*****************************************************************
	BiasMT. Launched at Jun  6 2024	 at 10:49:00
	*****************************************************************
	*****************************************************************
	*****************************************************************
	*****************************************************************
	BiasMT. Launched at Jun  6 2024	 at 10:49:00
	*****************************************************************
	*****************************************************************
	*****************************************************************
	*****************************************************************
	BiasMT. Launched at Jun  6 2024	 at 11:25:03
	*****************************************************************
	*****************************************************************
	*****************************************************************
	*****************************************************************
	BiasMT. Launched at Jun  6 2024	 at 11:25:03
	*****************************************************************
	*****************************************************************
	*****************************************************************
	*****************************************************************
	BiasMT. Launched at Jun  6 2024	 at 11:25:03
	*****************************************************************
	*****************************************************************
	*****************************************************************
	*****************************************************************
	BiasMT. Launched at Jun  6 2024	 at 11:25:03
	*****************************************************************
	*****************************************************************
	*****************************************************************
	*****************************************************************
	BiasMT. Launched at Jun  6 2024	 at 11:25:03
	*****************************************************************
	*****************************************************************
	*****************************************************************
	*****************************************************************
	BiasMT. Launched at Jun  6 2024	 at 11:25:03
	*****************************************************************
	*****************************************************************
	*****************************************************************
	*****************************************************************
	BiasMT. Launched at Jun  6 2024	 at 11:25:03
	*****************************************************************
	*****************************************************************
	*****************************************************************
	*****************************************************************
	BiasMT. Launched at Jun  6 2024	 at 11:25:03
	*****************************************************************
	*****************************************************************
	*****************************************************************
	*****************************************************************
	BiasMT. Launched at Jun  6 2024	 at 11:25:03
	*****************************************************************
	*****************************************************************
	*****************************************************************
	*****************************************************************
	BiasMT. Launched at Jun  6 2024	 at 11:25:03
	*****************************************************************
	*****************************************************************
	*****************************************************************
	*****************************************************************
	BiasMT. Launched at Jun  6 2024	 at 11:25:03
	*****************************************************************
	*****************************************************************
	*****************************************************************
	*****************************************************************
	BiasMT. Launched at Jun  6 2024	 at 11:25:03
	*****************************************************************
	*****************************************************************
	*****************************************************************
	*****************************************************************
	BiasMT. Launched at Jun  6 2024	 at 11:25:03
	*****************************************************************
	*****************************************************************
	*****************************************************************
	*****************************************************************
	BiasMT. Launched at Jun  6 2024	 at 11:25:03
	*****************************************************************
	*****************************************************************
	*****************************************************************
	*****************************************************************
	BiasMT. Launched at Jun  6 2024	 at 11:25:03
	*****************************************************************
	*****************************************************************
	*****************************************************************
	*****************************************************************
	BiasMT. Launched at Jun  6 2024	 at 11:25:03
	*****************************************************************
	*****************************************************************
	*****************************************************************
	*****************************************************************
	BiasMT. Launched at Jun  6 2024	 at 11:25:03
	*****************************************************************
	*****************************************************************
	*****************************************************************
	*****************************************************************
	BiasMT. Launched at Jun  6 2024	 at 11:25:03
	*****************************************************************
	*****************************************************************
	*****************************************************************
	*****************************************************************
	BiasMT. Launched at Jun  6 2024	 at 15:06:37
	*****************************************************************
	*****************************************************************
	*****************************************************************
	*****************************************************************
	BiasMT. Launched at Jun  6 2024	 at 15:06:37
	*****************************************************************
	*****************************************************************
	*****************************************************************
	*****************************************************************
	BiasMT. Launched at Jun  6 2024	 at 15:06:37
	*****************************************************************
	*****************************************************************
	*****************************************************************
	*****************************************************************
	BiasMT. Launched at Jun  6 2024	 at 15:06:37
	*****************************************************************
	*****************************************************************
	*****************************************************************
	*****************************************************************
	BiasMT. Launched at Jun  6 2024	 at 15:06:37
	*****************************************************************
	*****************************************************************
	*****************************************************************
	*****************************************************************
	BiasMT. Launched at Jun  6 2024	 at 15:06:37
	*****************************************************************
	*****************************************************************
	*****************************************************************
	*****************************************************************
	BiasMT. Launched at Jun  6 2024	 at 15:06:37
	*****************************************************************
	*****************************************************************
	*****************************************************************
	*****************************************************************
	BiasMT. Launched at Jun  6 2024	 at 15:06:37
	*****************************************************************
	*****************************************************************
	*****************************************************************
	*****************************************************************
	BiasMT. Launched at Jun  6 2024	 at 15:06:37
	*****************************************************************
	*****************************************************************
	*****************************************************************
	*****************************************************************
	BiasMT. Launched at Jun  6 2024	 at 16:59:03
	*****************************************************************
	*****************************************************************
	*****************************************************************
	*****************************************************************
	BiasMT. Launched at Jun  6 2024	 at 16:59:03
	*****************************************************************
	*****************************************************************
	*****************************************************************
	*****************************************************************
	BiasMT. Launched at Jun  6 2024	 at 16:59:03
	*****************************************************************
	*****************************************************************
	*****************************************************************
	*****************************************************************
	BiasMT. Launched at Jun  6 2024	 at 16:59:03
	*****************************************************************
	*****************************************************************
	*****************************************************************
	*****************************************************************
	BiasMT. Launched at Jun  6 2024	 at 16:59:03
	*****************************************************************
	*****************************************************************
	*****************************************************************
	*****************************************************************
	BiasMT. Launched at Jun  6 2024	 at 16:59:03
	*****************************************************************
	*****************************************************************
	*****************************************************************
	*****************************************************************
	BiasMT. Launched at Jun  6 2024	 at 16:59:03
	*****************************************************************
	*****************************************************************
	*****************************************************************
	*****************************************************************
	BiasMT. Launched at Jun  6 2024	 at 21:33:15
	*****************************************************************
	*****************************************************************
	*****************************************************************
	*****************************************************************
	BiasMT. Launched at Jun  6 2024	 at 21:49:27
	*****************************************************************
	*****************************************************************
	*****************************************************************
	*****************************************************************
	BiasMT. Launched at Jun  6 2024	 at 21:49:27
	*****************************************************************
	*****************************************************************
	*****************************************************************
	*****************************************************************
	BiasMT. Launched at Jun  6 2024	 at 21:55:52
	*****************************************************************
	*****************************************************************
	*****************************************************************
	*****************************************************************
	BiasMT. Launched at Jun  6 2024	 at 21:55:52
	*****************************************************************
	*****************************************************************
	*****************************************************************
	*****************************************************************
	BiasMT. Launched at Jun  6 2024	 at 21:55:52
	*****************************************************************
	*****************************************************************
	*****************************************************************
	*****************************************************************
	BiasMT. Launched at Jun  6 2024	 at 22:15:51
	*****************************************************************
	*****************************************************************
	*****************************************************************
	*****************************************************************
	BiasMT. Launched at Jun  6 2024	 at 22:15:51
	*****************************************************************
	*****************************************************************
	*****************************************************************
	*****************************************************************
	BiasMT. Launched at Jun  6 2024	 at 22:24:34
	*****************************************************************
	*****************************************************************
	*****************************************************************
	*****************************************************************
	BiasMT. Launched at Jun  6 2024	 at 22:24:34
	*****************************************************************
	*****************************************************************
	*****************************************************************
	*****************************************************************
	BiasMT. Launched at Jun  6 2024	 at 22:24:34
	*****************************************************************
	*****************************************************************
	*****************************************************************
	*****************************************************************
	BiasMT. Launched at Jun  6 2024	 at 22:24:34
	*****************************************************************
	*****************************************************************
	*****************************************************************
	*****************************************************************
	BiasMT. Launched at Jun  6 2024	 at 22:24:34
	*****************************************************************
	*****************************************************************
	*****************************************************************
	*****************************************************************
	BiasMT. Launched at Jun  6 2024	 at 22:24:34
	*****************************************************************
	*****************************************************************
	*****************************************************************
	*****************************************************************
	BiasMT. Launched at Jun  6 2024	 at 22:24:34
	*****************************************************************
	*****************************************************************
	*****************************************************************
	*****************************************************************
	BiasMT. Launched at Jun  6 2024	 at 22:24:34
	*****************************************************************
	*****************************************************************
	*****************************************************************
	*****************************************************************
	BiasMT. Launched at Jun  7 2024	 at 08:57:24
	*****************************************************************
	*****************************************************************
	*****************************************************************
	*****************************************************************
	BiasMT. Launched at Jun  7 2024	 at 08:57:24
	*****************************************************************
	*****************************************************************
	*****************************************************************
	*****************************************************************
	BiasMT. Launched at Jun  7 2024	 at 09:01:34
	*****************************************************************
	*****************************************************************
	*****************************************************************
	*****************************************************************
	BiasMT. Launched at Jun  7 2024	 at 09:01:34
	*****************************************************************
	*****************************************************************
	*****************************************************************
	*****************************************************************
	BiasMT. Launched at Jun  7 2024	 at 09:01:34
	*****************************************************************
	*****************************************************************
	*****************************************************************
	*****************************************************************
	BiasMT. Launched at Jun  7 2024	 at 09:01:34
	*****************************************************************
	*****************************************************************
	*****************************************************************
	*****************************************************************
	BiasMT. Launched at Jun  7 2024	 at 09:01:34
	*****************************************************************
	*****************************************************************
	*****************************************************************
	*****************************************************************
	BiasMT. Launched at Jun  7 2024	 at 09:01:34
	*****************************************************************
	*****************************************************************
	*****************************************************************
	*****************************************************************
	BiasMT. Launched at Jun  7 2024	 at 09:51:05
	*****************************************************************
	*****************************************************************
	*****************************************************************
	*****************************************************************
	BiasMT. Launched at Jun  7 2024	 at 09:51:05
	*****************************************************************
	*****************************************************************
	*****************************************************************
	*****************************************************************
	BiasMT. Launched at Jun  7 2024	 at 09:58:28
	*****************************************************************
	*****************************************************************
	*****************************************************************
	*****************************************************************
	BiasMT. Launched at Jun  7 2024	 at 09:58:28
	*****************************************************************
	*****************************************************************
	*****************************************************************
	*****************************************************************
	BiasMT. Launched at Jun  7 2024	 at 09:58:28
	*****************************************************************
	*****************************************************************
	*****************************************************************
	*****************************************************************
	BiasMT. Launched at Jun  7 2024	 at 09:58:28
	*****************************************************************
	*****************************************************************
	*****************************************************************
	*****************************************************************
	BiasMT. Launched at Jun  7 2024	 at 09:58:28
	*****************************************************************
	*****************************************************************
	*****************************************************************
	*****************************************************************
	BiasMT. Launched at Jun  7 2024	 at 09:58:28
	*****************************************************************
	*****************************************************************
	*****************************************************************
	*****************************************************************
	BiasMT. Launched at Jun  7 2024	 at 09:58:28
	*****************************************************************
	*****************************************************************
	*****************************************************************
	*****************************************************************
	BiasMT. Launched at Jun  7 2024	 at 09:58:28
	*****************************************************************
	*****************************************************************
	*****************************************************************
	*****************************************************************
	BiasMT. Launched at Jun  7 2024	 at 09:58:28
	*****************************************************************
	*****************************************************************
	*****************************************************************
	*****************************************************************
	BiasMT. Launched at Jun  7 2024	 at 16:24:41
	*****************************************************************
	*****************************************************************
	*****************************************************************
	*****************************************************************
	BiasMT. Launched at Jun  7 2024	 at 16:24:41
	*****************************************************************
	*****************************************************************
	*****************************************************************
	*****************************************************************
	BiasMT. Launched at Jun  7 2024	 at 16:24:41
	*****************************************************************
	*****************************************************************
	*****************************************************************
	*****************************************************************
	BiasMT. Launched at Jun  7 2024	 at 16:24:41
	*****************************************************************
	*****************************************************************
	*****************************************************************
	*****************************************************************
	BiasMT. Launched at Jun  7 2024	 at 16:24:41
	*****************************************************************
	*****************************************************************
	*****************************************************************
	*****************************************************************
	BiasMT. Launched at Jun  7 2024	 at 16:24:41
	*****************************************************************
	*****************************************************************
	*****************************************************************
	*****************************************************************
	BiasMT. Launched at Jun  7 2024	 at 16:24:41
	*****************************************************************
	*****************************************************************
	*****************************************************************
	*****************************************************************
	BiasMT. Launched at Jun  7 2024	 at 16:24:41
	*****************************************************************
	*****************************************************************
	*****************************************************************
	*****************************************************************
	BiasMT. Launched at Jun  7 2024	 at 16:24:41
	*****************************************************************
	*****************************************************************
	*****************************************************************
	*****************************************************************
	BiasMT. Launched at Jun  7 2024	 at 16:24:41
	*****************************************************************
	*****************************************************************
	*****************************************************************
	*****************************************************************
	BiasMT. Launched at Jun  7 2024	 at 16:24:41
	*****************************************************************
	*****************************************************************
	*****************************************************************
	*****************************************************************
	BiasMT. Launched at Jun  7 2024	 at 16:24:41
	*****************************************************************
	*****************************************************************
	*****************************************************************
	*****************************************************************
	BiasMT. Launched at Jun  7 2024	 at 16:24:41
	*****************************************************************
	*****************************************************************
	*****************************************************************
	*****************************************************************
	BiasMT. Launched at Jun  7 2024	 at 16:24:41
	*****************************************************************
	*****************************************************************
	*****************************************************************
	*****************************************************************
	BiasMT. Launched at Jun  7 2024	 at 16:24:41
	*****************************************************************
	*****************************************************************
	*****************************************************************
	*****************************************************************
	BiasMT. Launched at Jun  7 2024	 at 16:24:41
	*****************************************************************
	*****************************************************************
	*****************************************************************
	*****************************************************************
	BiasMT. Launched at Jun  7 2024	 at 16:24:41
	*****************************************************************
	*****************************************************************
	*****************************************************************
	*****************************************************************
	BiasMT. Launched at Jun  7 2024	 at 16:24:41
	*****************************************************************
	*****************************************************************
	*****************************************************************
	*****************************************************************
	BiasMT. Launched at Jun  7 2024	 at 16:24:41
	*****************************************************************
	*****************************************************************
	*****************************************************************
	*****************************************************************
	BiasMT. Launched at Jun 11 2024	 at 13:10:54
	*****************************************************************
	*****************************************************************
	*****************************************************************
	*****************************************************************
	BiasMT. Launched at Jun 11 2024	 at 13:13:28
	BiasMT. Realization 0	 p-index (Unitsim) 0
	*****************************************************************
	*****************************************************************
	*****************************************************************
	*****************************************************************
	BiasMT. Launched at Jun 11 2024	 at 13:13:28
	BiasMT. Realization 0	 p-index (Unitsim) 0
	*****************************************************************
	*****************************************************************
	*****************************************************************
	*****************************************************************
	BiasMT. Launched at Jun 11 2024	 at 13:13:28
	BiasMT. Realization 0	 p-index (Unitsim) 0
	*****************************************************************
	*****************************************************************
	*****************************************************************
	*****************************************************************
	BiasMT. Launched at Jun 11 2024	 at 13:13:28
	BiasMT. Realization 0	 p-index (Unitsim) 0
	*****************************************************************
	*****************************************************************
	*****************************************************************
	*****************************************************************
	BiasMT. Launched at Jun 11 2024	 at 13:17:05
	BiasMT. Realization 0	 p-index (Unitsim) 0
	*****************************************************************
	*****************************************************************
	*****************************************************************
	*****************************************************************
	BiasMT. Launched at Jun 13 2024	 at 12:06:32
	BiasMT. Realization 0	 p-index (Unitsim) 0
	*****************************************************************
	*****************************************************************
	*****************************************************************
	*****************************************************************
	BiasMT. Launched at Sep 13 2024	 at 12:51:18
	BiasMT. Realization 1	 p-index (Unitsim) 0
	*****************************************************************
	*****************************************************************
	*****************************************************************
	*****************************************************************
	BiasMT. Launched at Sep 13 2024	 at 12:51:18
	BiasMT. Realization 1	 p-index (Unitsim) 0
	*****************************************************************
	*****************************************************************
	*****************************************************************
	*****************************************************************
	BiasMT. Launched at Sep 13 2024	 at 12:51:18
	BiasMT. Realization 1	 p-index (Unitsim) 0
	*****************************************************************
	*****************************************************************
	*****************************************************************
	*****************************************************************
	BiasMT. Launched at Sep 17 2024	 at 09:46:09
	*****************************************************************
	*****************************************************************
	*****************************************************************
	*****************************************************************
	BiasMT. Launched at Sep 17 2024	 at 09:46:09
	*****************************************************************
	*****************************************************************
	*****************************************************************
	*****************************************************************
	BiasMT. Launched at Sep 17 2024	 at 09:47:36
	*****************************************************************
	*****************************************************************
	*****************************************************************
	*****************************************************************
	BiasMT. Launched at Sep 24 2024	 at 10:44:27
	*****************************************************************
	*****************************************************************
	*****************************************************************
	*****************************************************************
	BiasMT. Launched at Oct  7 2024	 at 12:45:34
	*****************************************************************
	*****************************************************************
	*****************************************************************
	*****************************************************************
	BiasMT. Launched at Oct  7 2024	 at 12:45:34
	*****************************************************************
	*****************************************************************
	*****************************************************************
	*****************************************************************
	BiasMT. Launched at Oct  7 2024	 at 12:54:13
	*****************************************************************
	*****************************************************************
	*****************************************************************
	*****************************************************************
	BiasMT. Launched at Oct 18 2024	 at 11:36:51
	*****************************************************************
	*****************************************************************
	*****************************************************************
	*****************************************************************
	BiasMT. Launched at Oct 18 2024	 at 11:36:51
	*****************************************************************
	*****************************************************************
	*****************************************************************
	*****************************************************************
	BiasMT. Launched at Oct 18 2024	 at 11:36:51
	*****************************************************************
	*****************************************************************
	*****************************************************************
	*****************************************************************
	BiasMT. Launched at Oct 18 2024	 at 11:36:51
	*****************************************************************
	*****************************************************************
	*****************************************************************
	*****************************************************************
	BiasMT. Launched at Oct 21 2024	 at 14:04:51
	*****************************************************************
	*****************************************************************
	*****************************************************************
	*****************************************************************
	BiasMT. Launched at Oct 21 2024	 at 14:04:51
	*****************************************************************
	*****************************************************************
	*****************************************************************
	*****************************************************************
	BiasMT. Launched at Oct 21 2024	 at 14:04:51
	*****************************************************************
	*****************************************************************
	*****************************************************************
	*****************************************************************
	BiasMT. Launched at Oct 21 2024	 at 14:04:51
	*****************************************************************
	*****************************************************************
	*****************************************************************
	*****************************************************************
	BiasMT. Launched at Oct 21 2024	 at 14:04:51
	*****************************************************************
	*****************************************************************
	*****************************************************************
	*****************************************************************
	BiasMT. Launched at Oct 21 2024	 at 14:04:51
	*****************************************************************
	*****************************************************************
	*****************************************************************
	*****************************************************************
	BiasMT. Launched at Dec  2 2024	 at 12:17:11
	*****************************************************************
	*****************************************************************
	*****************************************************************
	*****************************************************************
	BiasMT. Launched at May  5 2025	 at 16:11:02
	BiasMT. Realization 1	 p-index (Unitsim) 0
	*****************************************************************
	*****************************************************************
	*****************************************************************
	*****************************************************************
	BiasMT. Launched at May  5 2025	 at 16:11:02
	BiasMT. Realization 1	 p-index (Unitsim) 0
	*****************************************************************
	*****************************************************************
	*****************************************************************
	*****************************************************************
	BiasMT. Launched at May  5 2025	 at 16:11:02
	BiasMT. Realization 1	 p-index (Unitsim) 0
	*****************************************************************
	*****************************************************************
	*****************************************************************
	*****************************************************************
	BiasMT. Launched at May  5 2025	 at 16:11:02
	BiasMT. Realization 1	 p-index (Unitsim) 0
	*****************************************************************
	*****************************************************************
	*****************************************************************
	*****************************************************************
	BiasMT. Launched at May  5 2025	 at 16:11:02
	BiasMT. Realization 1	 p-index (Unitsim) 0
	*****************************************************************
	*****************************************************************
	*****************************************************************
	*****************************************************************
	BiasMT. Launched at May  5 2025	 at 16:11:02
	BiasMT. Realization 1	 p-index (Unitsim) 0
	*****************************************************************
	*****************************************************************
	*****************************************************************
	*****************************************************************
	BiasMT. Launched at May  5 2025	 at 16:11:02
	BiasMT. Realization 1	 p-index (Unitsim) 0
	*****************************************************************
	*****************************************************************
	*****************************************************************
	*****************************************************************
	BiasMT. Launched at May  5 2025	 at 16:11:02
	BiasMT. Realization 1	 p-index (Unitsim) 0
	*****************************************************************
	*****************************************************************
	*****************************************************************
	*****************************************************************
	BiasMT. Launched at May  5 2025	 at 16:11:02
	BiasMT. Realization 1	 p-index (Unitsim) 0
	*****************************************************************
	*****************************************************************
	*****************************************************************
	*****************************************************************
	BiasMT. Launched at May  5 2025	 at 16:11:02
	BiasMT. Realization 1	 p-index (Unitsim) 0
	*****************************************************************
	*****************************************************************
	*****************************************************************
	*****************************************************************
	BiasMT. Launched at May  5 2025	 at 16:11:02
	BiasMT. Realization 1	 p-index (Unitsim) 0
	*****************************************************************
	*****************************************************************
	*****************************************************************
	*****************************************************************
	BiasMT. Launched at May  5 2025	 at 16:11:02
	BiasMT. Realization 1	 p-index (Unitsim) 0
	*****************************************************************
	*****************************************************************
	*****************************************************************
	*****************************************************************
	BiasMT. Launched at May  5 2025	 at 16:11:02
	BiasMT. Realization 1	 p-index (Unitsim) 0
	*****************************************************************
	*****************************************************************
	*****************************************************************
	*****************************************************************
	BiasMT. Launched at May  5 2025	 at 16:11:02
	BiasMT. Realization 1	 p-index (Unitsim) 0
	*****************************************************************
	*****************************************************************
	*****************************************************************
	*****************************************************************
	BiasMT. Launched at May  5 2025	 at 16:11:02
	BiasMT. Realization 1	 p-index (Unitsim) 0
	*****************************************************************
	*****************************************************************
	*****************************************************************
	*****************************************************************
	BiasMT. Launched at May  5 2025	 at 16:11:02
	BiasMT. Realization 1	 p-index (Unitsim) 0
	*****************************************************************
	*****************************************************************
	*****************************************************************
	*****************************************************************
	BiasMT. Launched at May  5 2025	 at 16:11:02
	BiasMT. Realization 1	 p-index (Unitsim) 0
	*****************************************************************
	*****************************************************************
	*****************************************************************
	*****************************************************************
	BiasMT. Launched at May  5 2025	 at 16:11:02
	BiasMT. Realization 1	 p-index (Unitsim) 0
	*****************************************************************
	*****************************************************************
	*****************************************************************
	*****************************************************************
	BiasMT. Launched at May  5 2025	 at 16:11:02
	BiasMT. Realization 1	 p-index (Unitsim) 0
	*****************************************************************
	*****************************************************************
	*****************************************************************
	*****************************************************************
	BiasMT. Launched at May  5 2025	 at 16:11:02
	BiasMT. Realization 1	 p-index (Unitsim) 0
	*****************************************************************
	*****************************************************************
	*****************************************************************
	*****************************************************************
	BiasMT. Launched at May  5 2025	 at 16:11:02
	BiasMT. Realization 1	 p-index (Unitsim) 0
	*****************************************************************
	*****************************************************************
	*****************************************************************
	*****************************************************************
	BiasMT. Launched at May  5 2025	 at 16:11:02
	BiasMT. Realization 1	 p-index (Unitsim) 0
	*****************************************************************
	*****************************************************************
	*****************************************************************
	*****************************************************************
	BiasMT. Launched at May  5 2025	 at 16:11:02
	BiasMT. Realization 1	 p-index (Unitsim) 0
	*****************************************************************
	*****************************************************************
